{
  "RSpec": {
    "coverage": {
      "/Users/student/Dropbox/Projects/week10/bank_test_test/spec/atm_spec.rb": [
        1,
        null,
        1,
        4,
        null,
        1,
        1,
        null,
        null,
        1,
        1,
        1,
        1,
        null,
        null,
        null,
        1,
        1,
        1,
        1,
        1,
        null,
        null,
        null
      ],
      "/Users/student/Dropbox/Projects/week10/bank_test_test/lib/atm.rb": [
        1,
        1,
        null,
        1,
        4,
        null,
        null,
        1,
        3,
        3,
        3,
        null,
        null,
        1,
        2,
        2,
        2,
        null,
        null,
        1,
        1,
        1,
        1,
        null,
        null,
        1,
        null,
        1,
        10,
        null,
        null,
        1,
        5,
        null,
        null
      ],
      "/Users/student/Dropbox/Projects/week10/bank_test_test/spec/features/printing_statement_spec.rb": [
        1,
        1,
        null,
        1,
        1,
        1,
        null,
        null,
        null,
        null,
        1,
        1,
        1,
        1,
        1,
        null,
        null
      ],
      "/Users/student/Dropbox/Projects/week10/bank_test_test/spec/date_helper.rb": [
        1,
        2,
        null
      ]
    },
    "timestamp": 1557354672
  }
}
